0 verbose cli /usr/local/bin/node /usr/local/lib/node_modules/npm/bin/npm-cli.js
1 info using npm@11.16.0
2 info using node@v26.3.0
3 silly config load:file:/usr/local/lib/node_modules/npm/npmrc
4 silly config load:file:/Users/macos/Desktop/anti/ระบบกระดาษคำตอบ/frontend/.npmrc
5 silly config load:file:/Users/macos/.npmrc
6 silly config load:file:/usr/local/etc/npmrc
7 verbose title npm exec create-vite@latest ./ --template react
8 verbose argv "exec" "--yes" "--" "create-vite@latest" "./" "--template" "react"
9 verbose logfile logs-max:10 dir:/Users/macos/Desktop/anti/ระบบกระดาษคำตอบ/.npm-cache/_logs/2026-07-22T10_35_12_639Z-
10 verbose logfile /Users/macos/Desktop/anti/ระบบกระดาษคำตอบ/.npm-cache/_logs/2026-07-22T10_35_12_639Z-debug-0.log
11 silly logfile done cleaning log files
12 silly packumentCache heap:2248146944 maxSize:562036736 maxEntrySize:281018368
13 http fetch GET 200 https://registry.npmjs.org/create-vite 328ms (cache miss)
14 silly packumentCache heap:2248146944 maxSize:562036736 maxEntrySize:281018368
15 http fetch GET 200 https://registry.npmjs.org/npm 380ms
16 silly packumentCache heap:2248146944 maxSize:562036736 maxEntrySize:281018368
17 silly idealTree buildDeps
18 silly fetch manifest create-vite@9.1.1
19 silly packumentCache full:https://registry.npmjs.org/create-vite cache-miss
20 http fetch GET 200 https://registry.npmjs.org/create-vite 79ms (cache miss)
21 silly packumentCache full:https://registry.npmjs.org/create-vite set size:undefined disposed:false
22 silly placeDep ROOT create-vite@9.1.1 OK for:  want: 9.1.1
23 silly reify moves {}
24 silly audit bulk request { 'create-vite': [ '9.1.1' ] }
25 http cache create-vite@https://registry.npmjs.org/create-vite/-/create-vite-9.1.1.tgz 0ms (cache hit)
26 silly tarball no local data for create-vite@https://registry.npmjs.org/create-vite/-/create-vite-9.1.1.tgz. Extracting by manifest.
27 http fetch GET 200 https://registry.npmjs.org/create-vite/-/create-vite-9.1.1.tgz 116ms (cache miss)
28 http fetch POST 200 https://registry.npmjs.org/-/npm/v1/security/advisories/bulk 241ms
29 silly audit report {}
30 verbose cwd /Users/macos/Desktop/anti/ระบบกระดาษคำตอบ/frontend
31 verbose os Darwin 25.5.0
32 verbose node v26.3.0
33 verbose npm  v11.16.0
34 notice
34 notice New major version of npm available! 11.16.0 -> 12.0.1
34 notice Changelog: https://github.com/npm/cli/releases/tag/v12.0.1
34 notice To update run: npm install -g npm@12.0.1
34 notice  { force: true, Symbol(proc-log.meta): true }
35 verbose exit 0
36 info ok
